make.exe all --print-data-base --no-builtin-variables --no-builtin-rules --question
# GNU Make 4.2
This program is built by Equation Solution <http://www.Equation.com>.
# Copyright (C) 1988-2016 Free Software Foundation, Inc.
# License GPLv3+: GNU GPL version 3 or later <http://gnu.org/licenses/gpl.html>
# This is free software: you are free to change and redistribute it.
# There is NO WARRANTY, to the extent permitted by law.

# Make data base, printed on Sat Aug 27 19:16:40 2022

# Variables

# 'override' directive
GNUMAKEFLAGS := 
# automatic
<D = $(patsubst %/,%,$(patsubst %\,%,$(dir $<)))
# automatic
?F = $(notdir $?)
# default
.SHELLFLAGS := -c
# makefile
MAKEFLAGS = pqrR
# makefile (from 'makefile', line 1)
TARGET = telegram_bot
# automatic
?D = $(patsubst %/,%,$(patsubst %\,%,$(dir $?)))
# automatic
@D = $(patsubst %/,%,$(patsubst %\,%,$(dir $@)))
# environment
HOMEDRIVE = C:
# automatic
@F = $(notdir $@)
# automatic
^D = $(patsubst %/,%,$(patsubst %\,%,$(dir $^)))
# makefile
CURDIR := t:/Projects/C++/VS_Code_C++/TeleBot
# default
SHELL := sh.exe
# environment
WINDIR = C:\WINDOWS
# environment
VSCODE_NLS_CONFIG = {"locale":"en-us","availableLanguages":{},"_languagePackSupport":true}
# environment
PYCHARM COMMUNITY EDITION = T:\SPACES\PyCharm Community Edition 2022.1.3\bin;
# environment
ONEDRIVE = C:\Users\yarik\OneDrive
# environment
PATHEXT = .COM;.EXE;.BAT;.CMD;.VBS;.VBE;.JS;.JSE;.WSF;.WSH;.MSC
# makefile (from 'makefile', line 1)
MAKEFILE_LIST :=  Makefile
# environment
FPS_BROWSER_USER_PROFILE_STRING = Default
# environment
TMP = C:\Users\yarik\AppData\Local\Temp
# environment
ETHEREUM_SOCKET = \\.\pipe\geth.ipc
# environment
PROGRAMW6432 = C:\Program Files
# environment
PROGRAMDATA = C:\ProgramData
# environment
VSCODE_CWD = T:\Microsoft VS Code
# default
MAKE_HOST := x86_64-w64-mingw32
# environment
PATH = T:\Applications\Oracle\app\oracle\product\11.2.0\server\bin;;C:\WINDOWS\system32;C:\WINDOWS;C:\WINDOWS\System32\Wbem;C:\WINDOWS\System32\WindowsPowerShell\v1.0\;C:\WINDOWS\System32\OpenSSH\;C:\Program Files\dotnet\;C:\Compiling\Strawberry\c\bin;C:\Compiling\Strawberry\perl\site\bin;C:\Compiling\Strawberry\perl\bin;C:\Compiling\Git\cmd;C:\Compiling\Python310\Scripts\;C:\Compiling\Python310\;C:\Users\yarik\AppData\Local\Microsoft\WindowsApps;C:\Users\yarik\.dotnet\tools;T:\Microsoft VS Code\bin;C:\Compiling\MinGw 6.3.0\bin;C:\Compiling\bin_qmake;C:\Compiling\Make;T:\SPACES\PyCharm Community Edition 2022.1.3\bin;;C:\Compiling\Strawberry\perl\bin;C:\Users\yarik\AppData\Local\bin\NASM;C:\Compiling\Strawberry\c\bin;
# environment
COMMONPROGRAMW6432 = C:\Program Files\Common Files
# environment
ZES_ENABLE_SYSMAN = 1
# environment
PROCESSOR_ARCHITECTURE = AMD64
# environment
USERPROFILE = C:\Users\yarik
# environment
ALLUSERSPROFILE = C:\ProgramData
# environment
NUMBER_OF_PROCESSORS = 8
# environment
ELECTRON_RUN_AS_NODE = 1
# default
.FEATURES := target-specific order-only second-expansion else-if shortest-stem undefine oneshell archives jobserver output-sync load
# automatic
%F = $(notdir $%)
# environment
CHROME_CRASHPAD_PIPE_NAME = \\.\pipe\crashpad_14760_XKNAWMCKSEFESRUR
# environment
COMPUTERNAME = ASUS_TST
# environment
PROGRAMFILES = C:\Program Files
# default
.LOADED := 
# environment
DRIVERDATA = C:\Windows\System32\Drivers\DriverData
# environment
ORIGINAL_XDG_CURRENT_DESKTOP = undefined
# environment
USERNAME = yarik
# environment
PUBLIC = C:\Users\Public
# environment
VSCODE_AMD_ENTRYPOINT = vs/workbench/api/node/extensionHostProcess
# environment
VSCODE_CODE_CACHE_PATH = C:\Users\yarik\AppData\Roaming\Code\CachedData\e4503b30fc78200f846c62cf8091b76ff5547662
# environment
APPLICATION_INSIGHTS_NO_DIAGNOSTIC_CHANNEL = true
# environment
COMMONPROGRAMFILES = C:\Program Files\Common Files
# environment
LOGONSERVER = \\ASUS_TST
# environment
ONEDRIVECONSUMER = C:\Users\yarik\OneDrive
# environment
VSCODE_HANDLES_UNCAUGHT_ERRORS = true
# environment
USERDOMAIN = ASUS_TST
# environment
MAKELEVEL := 0
# default
MAKE = $(MAKE_COMMAND)
# default
MAKECMDGOALS := all
# default
MAKE_VERSION := 4.2
# makefile
.DEFAULT_GOAL := all
# environment
PROGRAMFILES(X86) = C:\Program Files (x86)
# automatic
%D = $(patsubst %/,%,$(patsubst %\,%,$(dir $%)))
# environment
LOCALAPPDATA = C:\Users\yarik\AppData\Local
# environment
PSMODULEPATH = C:\Program Files\WindowsPowerShell\Modules;C:\WINDOWS\system32\WindowsPowerShell\v1.0\Modules
# default
MAKE_COMMAND := make.exe
# default
.VARIABLES := 
# automatic
*F = $(notdir $*)
# environment
PROCESSOR_IDENTIFIER = Intel64 Family 6 Model 165 Stepping 2, GenuineIntel
# environment
OS = Windows_NT
# environment
VSCODE_IPC_HOOK = \\.\pipe\b0db4e59d21f6b3d2f0b7ac0a178db6d-1.70.2-main-sock
# environment
HOMEPATH = \Users\yarik
# environment
COMMONPROGRAMFILES(X86) = C:\Program Files (x86)\Common Files
# environment
PROMPT = $P$G
# environment
MFLAGS = -pqrR
# automatic
*D = $(patsubst %/,%,$(patsubst %\,%,$(dir $*)))
# environment
SYSTEMROOT = C:\WINDOWS
# automatic
+D = $(patsubst %/,%,$(patsubst %\,%,$(dir $+)))
# automatic
+F = $(notdir $+)
# environment
APPDATA = C:\Users\yarik\AppData\Roaming
# environment
TEMP = C:\Users\yarik\AppData\Local\Temp
# environment
COMSPEC = C:\WINDOWS\system32\cmd.exe
# default
MAKEFILES := 
# automatic
<F = $(notdir $<)
# environment
KOMPAS_SDK = T:\Compas\SDK\
# environment
LC_ALL = C
# automatic
^F = $(notdir $^)
# default
SUFFIXES := 
# environment
SYSTEMDRIVE = C:
# environment
SESSIONNAME = Console
# environment
PROCESSOR_REVISION = a502
# default
.RECIPEPREFIX := 
# environment
LANG = C
# environment
PROCESSOR_LEVEL = 6
# environment
FPS_BROWSER_APP_PROFILE_STRING = Internet Explorer
# environment
VSCODE_PID = 14760
# environment
USERDOMAIN_ROAMINGPROFILE = ASUS_TST
# variable set hash-table stats:
# Load=93/1024=9%, Rehash=0, Collisions=15/122=12%

# Pattern-specific Variable Values

# No pattern-specific variable values.

# Directories

# . (key t:/Projects/C++/VS_Code_C++/TeleBot, mtime 1660326883ll): 10 files, no impossibilities.

# 10 files, no impossibilities in 1 directories.

# Implicit Rules

# No implicit rules.

# Files

all: telegram_bot
#  Phony target (prerequisite of .PHONY).
#  Command line target.
#  Implicit rule search has not been done.
#  Implicit/static pattern stem: ''
#  File does not exist.
#  File has been updated.
#  Needs to be updated (-q is set).
# automatic
# @ := all
# automatic
# % := 
# automatic
# * := 
# automatic
# + := telegram_bot
# automatic
# | := 
# automatic
# < := telegram_bot
# automatic
# ^ := telegram_bot
# automatic
# ? := telegram_bot
# variable set hash-table stats:
# Load=8/32=25%, Rehash=0, Collisions=1/12=8%
#  recipe to execute (from 'makefile', line 6):
	rm -rf *.o
	./$(TARGET)

.PHONY: all clean clean_all run al
#  Implicit rule search has not been done.
#  Modification time never checked.
#  File has not been updated.

# Not a target:
.DEFAULT:
#  Implicit rule search has not been done.
#  Modification time never checked.
#  File has not been updated.

debug: telegram_bot
#  Implicit rule search has not been done.
#  Modification time never checked.
#  File has not been updated.
#  recipe to execute (from 'makefile', line 29):
	./$(TARGET)

# Not a target:
Makefile:
#  Implicit rule search has been done.
#  Last modified 2022-08-12 20:42:44
#  File has been updated.
#  Successfully updated.

# Not a target:
main.cpp:
#  Implicit rule search has been done.
#  Last modified 2022-08-12 20:53:43
#  File has been updated.
#  Successfully updated.

telegram_bot: main.o
#  Implicit rule search has not been done.
#  Last modified 2022-08-12 20:54:13
#  File has been updated.
#  Successfully updated.
#  recipe to execute (from 'makefile', line 23):
	g++ -o $(TARGET) main.o -lpthread --std=c++14 -I/usr/local/include -lTgBot -lboost_system -lssl -lcrypto

# Not a target:
.SUFFIXES:
#  Implicit rule search has not been done.
#  Modification time never checked.
#  File has not been updated.

run:
#  Phony target (prerequisite of .PHONY).
#  Implicit rule search has not been done.
#  File does not exist.
#  File has not been updated.
#  recipe to execute (from 'makefile', line 26):
	./$(TARGET)

clean:
#  Phony target (prerequisite of .PHONY).
#  Implicit rule search has not been done.
#  File does not exist.
#  File has not been updated.
#  recipe to execute (from 'makefile', line 13):
	rm -rf *.o

al: telegram_bot
#  Phony target (prerequisite of .PHONY).
#  Implicit rule search has not been done.
#  File does not exist.
#  File has not been updated.
#  recipe to execute (from 'makefile', line 10):
	./$(TARGET)

main.o: main.cpp
#  Implicit rule search has not been done.
#  Last modified 2022-08-12 20:54:10
#  File has been updated.
#  Successfully updated.
#  recipe to execute (from 'makefile', line 19):
	g++ -c -o main.o main.cpp

clean_all:
#  Phony target (prerequisite of .PHONY).
#  Implicit rule search has not been done.
#  File does not exist.
#  File has not been updated.
#  recipe to execute (from 'makefile', line 16):
	rm -rf $(TARGET) *.o *.exe

# files hash-table stats:
# Load=13/1024=1%, Rehash=0, Collisions=3/40=8%
# VPATH Search Paths

# No 'vpath' search paths.

# No general ('VPATH' variable) search path.

# strcache buffers: 1 (0) / strings = 19 / storage = 143 B / avg = 7 B
# current buf: size = 8162 B / used = 143 B / count = 19 / avg = 7 B

# strcache performance: lookups = 45 / hit rate = 57%
# hash-table stats:
# Load=19/8192=0%, Rehash=0, Collisions=4/45=9%
# Finished Make data base on Sat Aug 27 19:16:40 2022

 
