make.exe all --print-data-base --no-builtin-variables --no-builtin-rules --question
# GNU Make 4.2
This program is built by Equation Solution <http://www.Equation.com>.
# Copyright (C) 1988-2016 Free Software Foundation, Inc.
# License GPLv3+: GNU GPL version 3 or later <http://gnu.org/licenses/gpl.html>
# This is free software: you are free to change and redistribute it.
# There is NO WARRANTY, to the extent permitted by law.

# Make data base, printed on Mon Jun 27 11:11:57 2022

# Variables

# 'override' directive
GNUMAKEFLAGS := 
# automatic
<D = $(patsubst %/,%,$(patsubst %\,%,$(dir $<)))
# automatic
?F = $(notdir $?)
# default
.SHELLFLAGS := -c
# makefile
MAKEFLAGS = pqrR
# environment
VSCODE_LOG_NATIVE = false
# makefile (from 'makefile', line 1)
TARGET = func.exe
# automatic
?D = $(patsubst %/,%,$(patsubst %\,%,$(dir $?)))
# automatic
@D = $(patsubst %/,%,$(patsubst %\,%,$(dir $@)))
# environment
HOMEDRIVE = C:
# automatic
@F = $(notdir $@)
# makefile (from 'makefile', line 2)
CONFIG = c++17
# automatic
^D = $(patsubst %/,%,$(patsubst %\,%,$(dir $^)))
# makefile
CURDIR := t:/Projects/C++/VS_Code_C++/less_139
# default
SHELL := sh.exe
# environment
WINDIR = C:\WINDOWS
# environment
VSCODE_NLS_CONFIG = {"locale":"en-us","availableLanguages":{},"_languagePackSupport":true}
# environment
PYCHARM COMMUNITY EDITION = T:\Lang&Space\PyCharm Community Edition 2022.1.3\bin;
# environment
ONEDRIVE = C:\Users\yarik\OneDrive
# environment
PATHEXT = .COM;.EXE;.BAT;.CMD;.VBS;.VBE;.JS;.JSE;.WSF;.WSH;.MSC
# makefile (from 'makefile', line 1)
MAKEFILE_LIST :=  Makefile
# environment
TMP = C:\Users\yarik\AppData\Local\Temp
# environment
VSCODE_VERBOSE_LOGGING = true
# environment
ETHEREUM_SOCKET = \\.\pipe\geth.ipc
# environment
PROGRAMW6432 = C:\Program Files
# environment
PROGRAMDATA = C:\ProgramData
# environment
VSCODE_IPC_HOOK_EXTHOST = \\.\pipe\vscode-ipc-d36b7d96-a827-4e21-88e1-10ce42beafa8-sock
# environment
VSCODE_CWD = T:\Lang&Space\Microsoft VS Code
# default
MAKE_HOST := x86_64-w64-mingw32
# environment
PATH = C:\WINDOWS\system32;C:\WINDOWS;C:\WINDOWS\System32\Wbem;C:\WINDOWS\System32\WindowsPowerShell\v1.0\;C:\WINDOWS\System32\OpenSSH\;T:\geth;C:\Program Files\dotnet\;T:\JSONBuddy;T:\Lang&Space\Python310\Scripts;T:\Lang&Space\Python310;C:\Users\yarik\AppData\Local\Microsoft\WindowsApps;C:\Users\yarik\.dotnet\tools;C:\Compiling\MinGw 6.3.0\bin;C:\Compiling\bin_qmake;T:\Microsoft VS Code\bin;C:\Compiling\Make;T:\Lang&Space\PyCharm Community Edition 2022.1.3\bin;;
# environment
COMMONPROGRAMW6432 = C:\Program Files\Common Files
# environment
ZES_ENABLE_SYSMAN = 1
# environment
PROCESSOR_ARCHITECTURE = AMD64
# environment
USERPROFILE = C:\Users\yarik
# environment
ALLUSERSPROFILE = C:\ProgramData
# environment
VSCODE_LOG_STACK = false
# environment
NUMBER_OF_PROCESSORS = 8
# environment
ELECTRON_RUN_AS_NODE = 1
# default
.FEATURES := target-specific order-only second-expansion else-if shortest-stem undefine oneshell archives jobserver output-sync load
# automatic
%F = $(notdir $%)
# environment
CHROME_CRASHPAD_PIPE_NAME = \\.\pipe\crashpad_11524_AGAYRXBXDAOOOAVE
# environment
VSCODE_PIPE_LOGGING = true
# environment
COMPUTERNAME = ASUS_TST
# environment
PROGRAMFILES = C:\Program Files
# default
.LOADED := 
# environment
DRIVERDATA = C:\Windows\System32\Drivers\DriverData
# environment
ORIGINAL_XDG_CURRENT_DESKTOP = undefined
# environment
USERNAME = yarik
# environment
PUBLIC = C:\Users\Public
# environment
VSCODE_AMD_ENTRYPOINT = vs/workbench/api/node/extensionHostProcess
# environment
VSCODE_CODE_CACHE_PATH = C:\Users\yarik\AppData\Roaming\Code\CachedData\c3511e6c69bb39013c4a4b7b9566ec1ca73fc4d5
# environment
APPLICATION_INSIGHTS_NO_DIAGNOSTIC_CHANNEL = 1
# environment
COMMONPROGRAMFILES = C:\Program Files\Common Files
# environment
LOGONSERVER = \\ASUS_TST
# environment
ONEDRIVECONSUMER = C:\Users\yarik\OneDrive
# environment
VSCODE_HANDLES_UNCAUGHT_ERRORS = true
# environment
USERDOMAIN = ASUS_TST
# environment
MAKELEVEL := 0
# default
MAKE = $(MAKE_COMMAND)
# default
MAKECMDGOALS := all
# default
MAKE_VERSION := 4.2
# makefile
.DEFAULT_GOAL := all
# environment
PROGRAMFILES(X86) = C:\Program Files (x86)
# automatic
%D = $(patsubst %/,%,$(patsubst %\,%,$(dir $%)))
# environment
LOCALAPPDATA = C:\Users\yarik\AppData\Local
# environment
PSMODULEPATH = C:\Program Files\WindowsPowerShell\Modules;C:\WINDOWS\system32\WindowsPowerShell\v1.0\Modules
# default
MAKE_COMMAND := make.exe
# default
.VARIABLES := 
# automatic
*F = $(notdir $*)
# environment
PROCESSOR_IDENTIFIER = Intel64 Family 6 Model 165 Stepping 2, GenuineIntel
# environment
OS = Windows_NT
# environment
VSCODE_IPC_HOOK = \\.\pipe\b0db4e59d21f6b3d2f0b7ac0a178db6d-1.67.2-main-sock
# environment
HOMEPATH = \Users\yarik
# environment
COMMONPROGRAMFILES(X86) = C:\Program Files (x86)\Common Files
# environment
PROMPT = $P$G
# environment
MFLAGS = -pqrR
# automatic
*D = $(patsubst %/,%,$(patsubst %\,%,$(dir $*)))
# environment
SYSTEMROOT = C:\WINDOWS
# automatic
+D = $(patsubst %/,%,$(patsubst %\,%,$(dir $+)))
# automatic
+F = $(notdir $+)
# environment
APPDATA = C:\Users\yarik\AppData\Roaming
# environment
TEMP = C:\Users\yarik\AppData\Local\Temp
# environment
COMSPEC = C:\WINDOWS\system32\cmd.exe
# default
MAKEFILES := 
# automatic
<F = $(notdir $<)
# environment
KOMPAS_SDK = T:\Compas\SDK\
# environment
LC_ALL = C
# automatic
^F = $(notdir $^)
# default
SUFFIXES := 
# environment
SYSTEMDRIVE = C:
# environment
SESSIONNAME = Console
# environment
PROCESSOR_REVISION = a502
# default
.RECIPEPREFIX := 
# environment
LANG = C
# environment
PROCESSOR_LEVEL = 6
# environment
VSCODE_PID = 11524
# environment
USERDOMAIN_ROAMINGPROFILE = ASUS_TST
# variable set hash-table stats:
# Load=97/1024=9%, Rehash=0, Collisions=15/121=12%

# Pattern-specific Variable Values

# No pattern-specific variable values.

# Directories

# . (key t:/Projects/C++/VS_Code_C++/less_139, mtime 1656317468ll): 11 files, no impossibilities.

# 11 files, no impossibilities in 1 directories.

# Implicit Rules

# No implicit rules.

# Files

all: func.exe
#  Phony target (prerequisite of .PHONY).
#  Command line target.
#  Implicit rule search has not been done.
#  File does not exist.
#  File has been updated.
#  Successfully updated.

func.o: func.cpp
#  Implicit rule search has not been done.
#  Last modified 2022-06-04 00:04:46
#  File has been updated.
#  Successfully updated.
#  recipe to execute (from 'makefile', line 18):
	g++ -c -o func.o func.cpp

.PHONY: all clean run
#  Implicit rule search has not been done.
#  Modification time never checked.
#  File has not been updated.

# Not a target:
.DEFAULT:
#  Implicit rule search has not been done.
#  Modification time never checked.
#  File has not been updated.

# Not a target:
Makefile:
#  Implicit rule search has been done.
#  Last modified 2022-06-01 21:01:23
#  File has been updated.
#  Successfully updated.

# Not a target:
main.cpp:
#  Implicit rule search has been done.
#  Last modified 2022-06-02 13:44:48
#  File has been updated.
#  Successfully updated.

func.exe: main.o func.o
#  Implicit rule search has not been done.
#  Last modified 2022-06-04 00:04:47
#  File has been updated.
#  Successfully updated.
#  recipe to execute (from 'makefile', line 21):
	g++ -o $(TARGET) main.o func.o -lpthread

run:
#  Phony target (prerequisite of .PHONY).
#  Implicit rule search has not been done.
#  File does not exist.
#  File has not been updated.
#  recipe to execute (from 'makefile', line 24):
	./$(TARGET)

clean:
#  Phony target (prerequisite of .PHONY).
#  Implicit rule search has not been done.
#  File does not exist.
#  File has not been updated.
#  recipe to execute (from 'makefile', line 9):
	rm -rf *.o

# Not a target:
func.cpp:
#  Implicit rule search has been done.
#  Last modified 2022-06-02 13:45:18
#  File has been updated.
#  Successfully updated.

main.o: main.cpp
#  Implicit rule search has not been done.
#  Last modified 2022-06-04 00:04:46
#  File has been updated.
#  Successfully updated.
#  recipe to execute (from 'makefile', line 15):
	g++ -c -o main.o main.cpp

clean_all:
#  Implicit rule search has not been done.
#  Modification time never checked.
#  File has not been updated.
#  recipe to execute (from 'makefile', line 12):
	rm -rf $(TARGET) *.o *.exe

# files hash-table stats:
# Load=13/1024=1%, Rehash=0, Collisions=0/35=0%
# VPATH Search Paths

# No 'vpath' search paths.

# No general ('VPATH' variable) search path.

# strcache buffers: 1 (0) / strings = 18 / storage = 155 B / avg = 8 B
# current buf: size = 8162 B / used = 155 B / count = 18 / avg = 8 B

# 
 strcache performance: lookups = 41 / hit rate = 56%
# hash-table stats:
# Load=18/8192=0%, Rehash=0, Collisions=1/41=2%
# Finished Make data base on Mon Jun 27 11:11:57 2022

 
